C51 COMPILER V9.54   MAIN                                                                  04/13/2020 23:32:01 PAGE 1   


C51 COMPILER V9.54, COMPILATION OF MODULE MAIN
OBJECT MODULE PLACED IN .\Objects\main.obj
COMPILER INVOKED BY: D:\Keil5\C51\BIN\C51.EXE main.c OPTIMIZE(8,SPEED) BROWSE DEBUG OBJECTEXTEND PRINT(.\Listings\main.l
                    -st) OBJECT(.\Objects\main.obj)

line level    source

   1          #include <REGX52.H>
   2          #include "LCD1602.h"
   3          #include "DS18B20.h"
   4          #include "Delay.h"
   5          #include "AT24C02.h"
   6          #include "Key.h"
   7          #include "Timer0.h"
   8          
   9          float T,TShow;
  10          char TLow,THigh;
  11          unsigned char KeyNum;
  12          
  13          void main()
  14          {
  15   1              DS18B20_ConvertT();
  16   1              Delay(1000);
  17   1              THigh=AT24C02_ReadByte(0);
  18   1              TLow=AT24C02_ReadByte(1);
  19   1              if(THigh>125 || TLow<-55 || THigh<=TLow)
  20   1              {
  21   2                      THigh=20;
  22   2                      TLow=15;
  23   2              }
  24   1              LCD_Init();
  25   1              LCD_ShowString(1,1,"T:");
  26   1              LCD_ShowString(2,1,"TH:");
  27   1              LCD_ShowString(2,9,"TL:");
  28   1              LCD_ShowSignedNum(2,4,THigh,3);
  29   1              LCD_ShowSignedNum(2,12,TLow,3);
  30   1              Timer0_Init();
  31   1              
  32   1              while(1)
  33   1              {
  34   2                      KeyNum=Key();
  35   2                      
  36   2                      /*温度读取及显示*/
  37   2                      DS18B20_ConvertT();
  38   2                      T=DS18B20_ReadT();
  39   2                      if(T<0)
  40   2                      {
  41   3                              LCD_ShowChar(1,3,'-');
  42   3                              TShow=-T;
  43   3                      }
  44   2                      else
  45   2                      {
  46   3                              LCD_ShowChar(1,3,'+');
  47   3                              TShow=T;
  48   3                      }
  49   2                      LCD_ShowNum(1,4,TShow,3);
  50   2                      LCD_ShowChar(1,7,'.');
  51   2                      LCD_ShowNum(1,8,(unsigned long)(TShow*100)%100,2);
  52   2                      
  53   2                      /*阈值判断及显示*/
  54   2                      if(KeyNum)
C51 COMPILER V9.54   MAIN                                                                  04/13/2020 23:32:01 PAGE 2   

  55   2                      {
  56   3                              if(KeyNum==1)
  57   3                              {
  58   4                                      THigh++;
  59   4                                      if(THigh>125){THigh=125;}
  60   4                              }
  61   3                              if(KeyNum==2)
  62   3                              {
  63   4                                      THigh--;
  64   4                                      if(THigh<=TLow){THigh++;}
  65   4                              }
  66   3                              if(KeyNum==3)
  67   3                              {
  68   4                                      TLow++;
  69   4                                      if(TLow>=THigh){TLow--;}
  70   4                              }
  71   3                              if(KeyNum==4)
  72   3                              {
  73   4                                      TLow--;
  74   4                                      if(TLow<-55){TLow=-55;}
  75   4                              }
  76   3                              LCD_ShowSignedNum(2,4,THigh,3);
  77   3                              LCD_ShowSignedNum(2,12,TLow,3);
  78   3                              AT24C02_WriteByte(0,THigh);
  79   3                              Delay(5);
  80   3                              AT24C02_WriteByte(1,TLow);
  81   3                              Delay(5);
  82   3                      }
  83   2                      if(T>THigh)
  84   2                      {
  85   3                              LCD_ShowString(1,13,"OV:H");
  86   3                      }
  87   2                      else if(T<TLow)
  88   2                      {
  89   3                              LCD_ShowString(1,13,"OV:L");
  90   3                      }
  91   2                      else
  92   2                      {
  93   3                              LCD_ShowString(1,13,"    ");
  94   3                      }
  95   2              }
  96   1      }
  97          
  98          void Timer0_Routine() interrupt 1
  99          {
 100   1              static unsigned int T0Count;
 101   1              TL0 = 0x18;             //设置定时初值
 102   1              TH0 = 0xFC;             //设置定时初值
 103   1              T0Count++;
 104   1              if(T0Count>=20)
 105   1              {
 106   2                      T0Count=0;
 107   2                      Key_Loop();
 108   2              }
 109   1      }


MODULE INFORMATION:   STATIC OVERLAYABLE
   CODE SIZE        =    629    ----
   CONSTANT SIZE    =     26    ----
   XDATA SIZE       =   ----    ----
   PDATA SIZE       =   ----    ----
C51 COMPILER V9.54   MAIN                                                                  04/13/2020 23:32:01 PAGE 3   

   DATA SIZE        =     13    ----
   IDATA SIZE       =   ----    ----
   BIT SIZE         =   ----    ----
END OF MODULE INFORMATION.


C51 COMPILATION COMPLETE.  0 WARNING(S),  0 ERROR(S)
