C51 COMPILER V9.54   MAIN                                                                  12/30/2020 22:26:17 PAGE 1   


C51 COMPILER V9.54, COMPILATION OF MODULE MAIN
OBJECT MODULE PLACED IN .\Objects\main.obj
COMPILER INVOKED BY: D:\Keil5\C51\BIN\C51.EXE main.c OPTIMIZE(8,SPEED) BROWSE DEBUG OBJECTEXTEND PRINT(.\Listings\main.l
                    -st) OBJECT(.\Objects\main.obj)

line level    source

   1          #include <REGX52.H>
   2          #include "Delay.h"
   3          #include "Key.h"
   4          #include "Nixie.h"
   5          #include "Motor.h"
   6          #include "IR.h"
   7          
   8          unsigned char Command,Speed;
   9          
  10          void main()
  11          {
  12   1              Motor_Init();
  13   1              IR_Init();
  14   1              while(1)
  15   1              {
  16   2                      if(IR_GetDataFlag())    //如果收到数据帧
  17   2                      {
  18   3                              Command=IR_GetCommand();                //获取遥控器命令码
  19   3                              
  20   3                              if(Command==IR_0){Speed=0;}             //根据遥控器命令码设置速度
  21   3                              if(Command==IR_1){Speed=1;}
  22   3                              if(Command==IR_2){Speed=2;}
  23   3                              if(Command==IR_3){Speed=3;}
  24   3                              
  25   3                              if(Speed==0){Motor_SetSpeed(0);}        //速度输出
  26   3                              if(Speed==1){Motor_SetSpeed(50);}
  27   3                              if(Speed==2){Motor_SetSpeed(75);}
  28   3                              if(Speed==3){Motor_SetSpeed(100);}
  29   3                      }
  30   2                      Nixie(1,Speed);                                         //数码管显示速度
  31   2              }
  32   1      }
  33          


MODULE INFORMATION:   STATIC OVERLAYABLE
   CODE SIZE        =     99    ----
   CONSTANT SIZE    =   ----    ----
   XDATA SIZE       =   ----    ----
   PDATA SIZE       =   ----    ----
   DATA SIZE        =      2    ----
   IDATA SIZE       =   ----    ----
   BIT SIZE         =   ----    ----
END OF MODULE INFORMATION.


C51 COMPILATION COMPLETE.  0 WARNING(S),  0 ERROR(S)
