C51 COMPILER V9.54   TIMER0                                                                04/15/2021 22:19:57 PAGE 1   


C51 COMPILER V9.54, COMPILATION OF MODULE TIMER0
OBJECT MODULE PLACED IN .\Objects\Timer0.obj
COMPILER INVOKED BY: D:\Keil5\C51\BIN\C51.EXE Timer0.c OPTIMIZE(8,SPEED) BROWSE DEBUG OBJECTEXTEND PRINT(.\Listings\Time
                    -r0.lst) OBJECT(.\Objects\Timer0.obj)

line level    source

   1          #include <REGX52.H>
   2          
   3          /**
   4            * @brief  定时器0初始化
   5            * @param  无
   6            * @retval 无
   7            */
   8          void Timer0_Init(void)
   9          {
  10   1              TMOD &= 0xF0;           //设置定时器模式
  11   1              TMOD |= 0x01;           //设置定时器模式
  12   1              TL0 = 0;                //设置定时初值
  13   1              TH0 = 0;                //设置定时初值
  14   1              TF0 = 0;                //清除TF0标志
  15   1              TR0 = 0;                //定时器0不计时
  16   1      }
  17          
  18          /**
  19            * @brief  定时器0设置计数器值
  20            * @param  Value，要设置的计数器值，范围：0~65535
  21            * @retval 无
  22            */
  23          void Timer0_SetCounter(unsigned int Value)
  24          {
  25   1              TH0=Value/256;
  26   1              TL0=Value%256;
  27   1      }
  28          
  29          /**
  30            * @brief  定时器0获取计数器值
  31            * @param  无
  32            * @retval 计数器值，范围：0~65535
  33            */
  34          unsigned int Timer0_GetCounter(void)
  35          {
  36   1              return (TH0<<8)|TL0;
  37   1      }
  38          
  39          /**
  40            * @brief  定时器0启动停止控制
  41            * @param  Flag 启动停止标志，1为启动，0为停止
  42            * @retval 无
  43            */
  44          void Timer0_Run(unsigned char Flag)
  45          {
  46   1              TR0=Flag;
  47   1      }


MODULE INFORMATION:   STATIC OVERLAYABLE
   CODE SIZE        =     42    ----
   CONSTANT SIZE    =   ----    ----
   XDATA SIZE       =   ----    ----
   PDATA SIZE       =   ----    ----
C51 COMPILER V9.54   TIMER0                                                                04/15/2021 22:19:57 PAGE 2   

   DATA SIZE        =   ----    ----
   IDATA SIZE       =   ----    ----
   BIT SIZE         =   ----    ----
END OF MODULE INFORMATION.


C51 COMPILATION COMPLETE.  0 WARNING(S),  0 ERROR(S)
