C51 COMPILER V9.54   MAIN                                                                  06/01/2019 12:41:05 PAGE 1   


C51 COMPILER V9.54, COMPILATION OF MODULE MAIN
OBJECT MODULE PLACED IN .\Objects\main.obj
COMPILER INVOKED BY: D:\Keil5\C51\BIN\C51.EXE main.c OPTIMIZE(8,SPEED) BROWSE DEBUG OBJECTEXTEND PRINT(.\Listings\main.l
                    -st) OBJECT(.\Objects\main.obj)

line level    source

   1          #include <REGX52.H>
   2          #include "Timer0.h"
   3          #include "Key.h"
   4          #include <INTRINS.H>
   5          
   6          unsigned char KeyNum,LEDMode;
   7          
   8          void main()
   9          {
  10   1              P2=0xFE;
  11   1              Timer0Init();
  12   1              while(1)
  13   1              {
  14   2                      KeyNum=Key();
  15   2                      if(KeyNum)
  16   2                      {
  17   3                              if(KeyNum==1)
  18   3                              {
  19   4                                      LEDMode++;
  20   4                                      if(LEDMode>=2)LEDMode=0;
  21   4                              }
  22   3                      }
  23   2              }
  24   1      }
  25          
  26          void Timer0_Routine() interrupt 1
  27          {
  28   1              static unsigned int T0Count;
  29   1              TL0 = 0x18;             //设置定时初值
  30   1              TH0 = 0xFC;             //设置定时初值
  31   1              T0Count++;
  32   1              if(T0Count>=500)
  33   1              {
  34   2                      T0Count=0;
  35   2                      if(LEDMode==0)
  36   2                              P2=_crol_(P2,1);
  37   2                      if(LEDMode==1)
  38   2                              P2=_cror_(P2,1);
  39   2              }
  40   1      }


MODULE INFORMATION:   STATIC OVERLAYABLE
   CODE SIZE        =    116    ----
   CONSTANT SIZE    =   ----    ----
   XDATA SIZE       =   ----    ----
   PDATA SIZE       =   ----    ----
   DATA SIZE        =      4    ----
   IDATA SIZE       =   ----    ----
   BIT SIZE         =   ----    ----
END OF MODULE INFORMATION.


C51 COMPILATION COMPLETE.  0 WARNING(S),  0 ERROR(S)
