C51 COMPILER V9.60.7.0   IED_IED                                                           05/07/2023 23:44:40 PAGE 1   


C51 COMPILER V9.60.7.0, COMPILATION OF MODULE IED_IED
OBJECT MODULE PLACED IN .\Objects\IED_IED.obj
COMPILER INVOKED BY: E:\Applications\Keil_5\C51\BIN\C51.EXE IED_IED.c OPTIMIZE(8,SPEED) BROWSE DEBUG OBJECTEXTEND PRINT(
                    -.\Listings\IED_IED.lst) TABS(2) OBJECT(.\Objects\IED_IED.obj)

line level    source

   1          #include <reg52.h>
   2          
   3          
   4          void Delay500ms()   //@11.0592MHz
   5          {
   6   1        unsigned char i, j, k;
   7   1        i = 4;
   8   1        j = 129;
   9   1        k = 119;
  10   1        do
  11   1        {
  12   2          do
  13   2          {
  14   3            while (--k);
  15   3          } while (--j);
  16   2        } while (--i);
  17   1      }
  18          int main(){
  19   1        unsigned char i=0;
  20   1          while(1){
  21   2              P2=~i;
  22   2              i++;
  23   2              Delay500ms();
  24   2          }
  25   1      }


MODULE INFORMATION:   STATIC OVERLAYABLE
   CODE SIZE        =     25    ----
   CONSTANT SIZE    =   ----    ----
   XDATA SIZE       =   ----    ----
   PDATA SIZE       =   ----    ----
   DATA SIZE        =   ----    ----
   IDATA SIZE       =   ----    ----
   BIT SIZE         =   ----    ----
END OF MODULE INFORMATION.


C51 COMPILATION COMPLETE.  0 WARNING(S),  0 ERROR(S)
