C51 COMPILER V9.54   MAIN                                                                  04/15/2021 22:43:03 PAGE 1   


C51 COMPILER V9.54, COMPILATION OF MODULE MAIN
OBJECT MODULE PLACED IN .\Objects\main.obj
COMPILER INVOKED BY: D:\Keil5\C51\BIN\C51.EXE main.c OPTIMIZE(8,SPEED) BROWSE DEBUG OBJECTEXTEND PRINT(.\Listings\main.l
                    -st) OBJECT(.\Objects\main.obj)

line level    source

   1          #include <REGX52.H>
   2          #include "Delay.h"
   3          #include "LCD1602.h"
   4          #include "IR.h"
   5          
   6          unsigned char Num;
   7          unsigned char Address;
   8          unsigned char Command;
   9          
  10          void main()
  11          {
  12   1              LCD_Init();
  13   1              LCD_ShowString(1,1,"ADDR  CMD  NUM");
  14   1              LCD_ShowString(2,1,"00    00   000");
  15   1              
  16   1              IR_Init();
  17   1              
  18   1              while(1)
  19   1              {
  20   2                      if(IR_GetDataFlag() || IR_GetRepeatFlag())      //如果收到数据帧或者收到连发帧
  21   2                      {
  22   3                              Address=IR_GetAddress();                //获取遥控器地址码
  23   3                              Command=IR_GetCommand();                //获取遥控器命令码
  24   3                              
  25   3                              LCD_ShowHexNum(2,1,Address,2);  //显示遥控器地址码
  26   3                              LCD_ShowHexNum(2,7,Command,2);  //显示遥控器命令码
  27   3                              
  28   3                              if(Command==IR_VOL_MINUS)               //如果遥控器VOL-按键按下
  29   3                              {
  30   4                                      Num--;                                          //Num自减
  31   4                              }
  32   3                              if(Command==IR_VOL_ADD)                 //如果遥控器VOL+按键按下
  33   3                              {
  34   4                                      Num++;                                          //Num自增
  35   4                              }
  36   3                              
  37   3                              LCD_ShowNum(2,12,Num,3);                //显示Num
  38   3                      }
  39   2              }
  40   1      }
  41          


MODULE INFORMATION:   STATIC OVERLAYABLE
   CODE SIZE        =    115    ----
   CONSTANT SIZE    =     30    ----
   XDATA SIZE       =   ----    ----
   PDATA SIZE       =   ----    ----
   DATA SIZE        =      3    ----
   IDATA SIZE       =   ----    ----
   BIT SIZE         =   ----    ----
END OF MODULE INFORMATION.


C51 COMPILATION COMPLETE.  0 WARNING(S),  0 ERROR(S)
