C51 COMPILER V9.54   MAIN                                                                  04/13/2020 22:57:12 PAGE 1   


C51 COMPILER V9.54, COMPILATION OF MODULE MAIN
OBJECT MODULE PLACED IN .\Objects\main.obj
COMPILER INVOKED BY: D:\Keil5\C51\BIN\C51.EXE main.c OPTIMIZE(8,SPEED) BROWSE DEBUG OBJECTEXTEND PRINT(.\Listings\main.l
                    -st) OBJECT(.\Objects\main.obj)

line level    source

   1          #include <REGX52.H>
   2          #include "LCD1602.h"
   3          #include "DS18B20.h"
   4          #include "Delay.h"
   5          
   6          float T;
   7          
   8          void main()
   9          {
  10   1              DS18B20_ConvertT();
  11   1              Delay(1000);
  12   1              LCD_Init();
  13   1              LCD_ShowString(1,1,"Temperature:");
  14   1              while(1)
  15   1              {
  16   2                      DS18B20_ConvertT();
  17   2                      T=DS18B20_ReadT();
  18   2                      if(T<0)
  19   2                      {
  20   3                              LCD_ShowChar(2,1,'-');
  21   3                              T=-T;
  22   3                      }
  23   2                      else
  24   2                      {
  25   3                              LCD_ShowChar(2,1,'+');
  26   3                      }
  27   2                      LCD_ShowNum(2,2,T,3);
  28   2                      LCD_ShowChar(2,5,'.');                  
  29   2                      LCD_ShowNum(2,6,(unsigned long)(T*10000)%10000,4);
  30   2              }
  31   1      }
  32          


MODULE INFORMATION:   STATIC OVERLAYABLE
   CODE SIZE        =    176    ----
   CONSTANT SIZE    =     13    ----
   XDATA SIZE       =   ----    ----
   PDATA SIZE       =   ----    ----
   DATA SIZE        =      4    ----
   IDATA SIZE       =   ----    ----
   BIT SIZE         =   ----    ----
END OF MODULE INFORMATION.


C51 COMPILATION COMPLETE.  0 WARNING(S),  0 ERROR(S)
