C51 COMPILER V9.54   MAIN                                                                  12/09/2019 00:39:55 PAGE 1   


C51 COMPILER V9.54, COMPILATION OF MODULE MAIN
OBJECT MODULE PLACED IN .\Objects\main.obj
COMPILER INVOKED BY: D:\Keil5\C51\BIN\C51.EXE main.c OPTIMIZE(8,SPEED) BROWSE DEBUG OBJECTEXTEND PRINT(.\Listings\main.l
                    -st) OBJECT(.\Objects\main.obj)

line level    source

   1          #include <REGX52.H>
   2          #include "Delay.h"
   3          #include "Timer0.h"
   4          
   5          //ËúÇÈ∏£Âô®Á´ØÂè£ÂÆö‰πâ
   6          sbit Buzzer=P1^5;
   7          
   8          //Êí≠ÊîæÈÄüÂ∫¶ÔºåÂÄº‰∏∫ÂõõÂàÜÈü≥Á¨¶ÁöÑÊó∂Èïø(ms)
   9          #define SPEED   500
  10          
  11          //Èü≥Á¨¶‰∏éÁ¥¢ÂºïÂØπÂ∫îË°®ÔºåPÔºö‰ºëÊ≠¢Á¨¶ÔºåLÔºö‰ΩéÈü≥ÔºåMÔºö‰∏≠Èü≥ÔºåHÔºöÈ´òÈü≥Ôºå‰∏ãÂàíÁ∫øÔºöÂçáÂçäÈü≥Á
             -¨¶Âè∑#
  12          #define P       0
  13          #define L1      1
  14          #define L1_     2
  15          #define L2      3
  16          #define L2_     4
  17          #define L3      5
  18          #define L4      6
  19          #define L4_     7
  20          #define L5      8
  21          #define L5_     9
  22          #define L6      10
  23          #define L6_     11
  24          #define L7      12
  25          #define M1      13
  26          #define M1_     14
  27          #define M2      15
  28          #define M2_     16
  29          #define M3      17
  30          #define M4      18
  31          #define M4_     19
  32          #define M5      20
  33          #define M5_     21
  34          #define M6      22
  35          #define M6_     23
  36          #define M7      24
  37          #define H1      25
  38          #define H1_     26
  39          #define H2      27
  40          #define H2_     28
  41          #define H3      29
  42          #define H4      30
  43          #define H4_     31
  44          #define H5      32
  45          #define H5_     33
  46          #define H6      34
  47          #define H6_     35
  48          #define H7      36
  49          
  50          //Á¥¢Âºï‰∏éÈ¢ëÁéáÂØπÁÖßË°®
  51          unsigned int FreqTable[]={
  52                  0,
  53                  63628,63731,63835,63928,64021,64103,64185,64260,64331,64400,64463,64528,
C51 COMPILER V9.54   MAIN                                                                  12/09/2019 00:39:55 PAGE 2   

  54                  64580,64633,64684,64732,64777,64820,64860,64898,64934,64968,65000,65030,
  55                  65058,65085,65110,65134,65157,65178,65198,65217,65235,65252,65268,65283,
  56          };
  57          
  58          //‰πêË∞±
  59          unsigned char code Music[]={
  60                  //Èü≥Á¨¶,Êó∂ÂÄº,
  61                  
  62                  //1
  63                  P,      4,
  64                  P,      4,
  65                  P,      4,
  66                  M6,     2,
  67                  M7,     2,
  68                  
  69                  H1,     4+2,
  70                  M7,     2,
  71                  H1,     4,
  72                  H3,     4,
  73                  
  74                  M7,     4+4+4,
  75                  M3,     2,
  76                  M3,     2,
  77                  
  78                  //2
  79                  M6,     4+2,
  80                  M5,     2,
  81                  M6, 4,
  82                  H1,     4,
  83                  
  84                  M5,     4+4+4,
  85                  M3,     4,
  86                  
  87                  M4,     4+2,
  88                  M3,     2,
  89                  M4,     4,
  90                  H1,     4,
  91                  
  92                  //3
  93                  M3,     4+4,
  94                  P,      2,
  95                  H1,     2,
  96                  H1,     2,
  97                  H1,     2,
  98                  
  99                  M7,     4+2,
 100                  M4_,2,
 101                  M4_,4,
 102                  M7,     4,
 103                  
 104                  M7,     8,
 105                  P,      4,
 106                  M6,     2,
 107                  M7,     2,
 108                  
 109                  //4
 110                  H1,     4+2,
 111                  M7,     2,
 112                  H1,     4,
 113                  H3,     4,
 114                  
 115                  M7,     4+4+4,
C51 COMPILER V9.54   MAIN                                                                  12/09/2019 00:39:55 PAGE 3   

 116                  M3,     2,
 117                  M3,     2,
 118                  
 119                  M6,     4+2,
 120                  M5,     2,
 121                  M6, 4,
 122                  H1,     4,
 123                  
 124                  //5
 125                  M5,     4+4+4,
 126                  M2,     2,
 127                  M3,     2,
 128                  
 129                  M4,     4,
 130                  H1,     2,
 131                  M7,     2+2,
 132                  H1,     2+4,
 133                  
 134                  H2,     2,
 135                  H2,     2,
 136                  H3,     2,
 137                  H1,     2+4+4,
 138                  
 139                  //6
 140                  H1,     2,
 141                  M7,     2,
 142                  M6,     2,
 143                  M6,     2,
 144                  M7,     4,
 145                  M5_,4,
 146                  
 147                  
 148                  M6,     4+4+4,
 149                  H1,     2,
 150                  H2,     2,
 151                  
 152                  H3,     4+2,
 153                  H2,     2,
 154                  H3,     4,
 155                  H5,     4,
 156                  
 157                  //7
 158                  H2,     4+4+4,
 159                  M5,     2,
 160                  M5,     2,
 161                  
 162                  H1,     4+2,
 163                  M7,     2,
 164                  H1,     4,
 165                  H3,     4,
 166                  
 167                  H3,     4+4+4+4,
 168                  
 169                  //8
 170                  M6,     2,
 171                  M7,     2,
 172                  H1,     4,
 173                  M7,     4,
 174                  H2,     2,
 175                  H2,     2,
 176                  
 177                  H1,     4+2,
C51 COMPILER V9.54   MAIN                                                                  12/09/2019 00:39:55 PAGE 4   

 178                  M5,     2+4+4,
 179                  
 180                  H4,     4,
 181                  H3,     4,
 182                  H3,     4,
 183                  H1,     4,
 184                  
 185                  //9
 186                  H3,     4+4+4,
 187                  H3,     4,
 188                  
 189                  H6,     4+4,
 190                  H5,     4,
 191                  H5,     4,
 192                  
 193                  H3,     2,
 194                  H2,     2,
 195                  H1,     4+4,
 196                  P,      2,
 197                  H1,     2,
 198                  
 199                  //10
 200                  H2,     4,
 201                  H1,     2,
 202                  H2,     2,
 203                  H2,     4,
 204                  H5,     4,
 205                  
 206                  H3,     4+4+4,
 207                  H3,     4,
 208                  
 209                  H6,     4+4,
 210                  H5,     4+4,
 211                  
 212                  //11
 213                  H3,     2,
 214                  H2,     2,
 215                  H1,     4+4,
 216                  P,      2,
 217                  H1,     2,
 218                  
 219                  H2,     4,
 220                  H1,     2,
 221                  H2,     2+4,
 222                  M7,     4,
 223                  
 224                  M6,     4+4+4,
 225                  P,      4,
 226          
 227                  //
 228                  0xFF    //ÁªàÊ≠¢Ê†áÂøó
 229          };
 230          
 231          unsigned char FreqSelect,MusicSelect;
 232          
 233          void main()
 234          {
 235   1              Timer0Init();
 236   1              while(1)
 237   1              {
 238   2                      if(Music[MusicSelect]!=0xFF)    //Â¶ÇÊûú‰∏çÊòØÂÅúÊ≠¢Ê†áÂøó‰Ωç
 239   2                      {
C51 COMPILER V9.54   MAIN                                                                  12/09/2019 00:39:55 PAGE 5   

 240   3                              FreqSelect=Music[MusicSelect];  //ÈÄâÊã©Èü≥Á¨¶ÂØπÂ∫îÁöÑÈ¢ëÁéá
 241   3                              MusicSelect++;
 242   3                              Delay(SPEED/4*Music[MusicSelect]);      //ÈÄâÊã©Èü≥Á¨¶ÂØπÂ∫îÁöÑÊó∂ÂÄº
 243   3                              MusicSelect++;
 244   3                              TR0=0;
 245   3                              Delay(5);       //Èü≥Á¨¶Èó¥Áü≠ÊöÇÂÅúÈ°ø
 246   3                              TR0=1;
 247   3                      }
 248   2                      else    //ÊòØÂÅúÊ≠¢Ê†áÂøó‰Ωç
 249   2                      {
 250   3                              TR0=0;
 251   3                              while(1);
 252   3                      }
 253   2              }
 254   1      }
 255          
 256          void Timer0_Routine() interrupt 1
 257          {
 258   1              if(FreqTable[FreqSelect])       //Â¶ÇÊûú‰∏çÊòØ‰ºëÊ≠¢Á¨¶
 259   1              {
 260   2                      /*ÂèñÂØπÂ∫îÈ¢ëÁéáÂÄºÁöÑÈáçË£ÖËΩΩÂÄºÂà∞ÂÆöÊó∂Âô®*/
 261   2                      TL0 = FreqTable[FreqSelect]%256;                //ËÆæÁΩÆÂÆöÊó∂ÂàùÂÄº
 262   2                      TH0 = FreqTable[FreqSelect]/256;                //ËÆæÁΩÆÂÆöÊó∂ÂàùÂÄº
 263   2                      Buzzer=!Buzzer; //ÁøªËΩ¨ËúÇÈ∏£Âô®IOÂè£
 264   2              }
 265   1      }


MODULE INFORMATION:   STATIC OVERLAYABLE
   CODE SIZE        =    101    ----
   CONSTANT SIZE    =    241    ----
   XDATA SIZE       =   ----    ----
   PDATA SIZE       =   ----    ----
   DATA SIZE        =     76    ----
   IDATA SIZE       =   ----    ----
   BIT SIZE         =   ----    ----
END OF MODULE INFORMATION.


C51 COMPILATION COMPLETE.  0 WARNING(S),  0 ERROR(S)
