C51 COMPILER V9.54   TIMER1                                                                12/29/2020 17:26:44 PAGE 1   


C51 COMPILER V9.54, COMPILATION OF MODULE TIMER1
OBJECT MODULE PLACED IN .\Objects\Timer1.obj
COMPILER INVOKED BY: D:\Keil5\C51\BIN\C51.EXE Timer1.c OPTIMIZE(8,SPEED) BROWSE DEBUG OBJECTEXTEND PRINT(.\Listings\Time
                    -r1.lst) OBJECT(.\Objects\Timer1.obj)

line level    source

   1          #include <REGX52.H>
   2          
   3          /**
   4            * @brief  定时器1初始化，100us@12.000MHz
   5            * @param  无
   6            * @retval 无
   7            */
   8          void Timer1_Init(void)
   9          {
  10   1              TMOD &= 0x0F;           //设置定时器模式
  11   1              TMOD |= 0x10;           //设置定时器模式
  12   1              TL1 = 0x9C;             //设置定时初值
  13   1              TH1 = 0xFF;             //设置定时初值
  14   1              TF1 = 0;                //清除TF1标志
  15   1              TR1 = 1;                //定时器1开始计时
  16   1              ET1=1;
  17   1              EA=1;
  18   1              PT1=0;
  19   1      }
  20          
  21          /*定时器中断函数模板
  22          void Timer1_Routine() interrupt 3
  23          {
  24                  static unsigned int T1Count;
  25                  TL1 = 0x9C;             //设置定时初值
  26                  TH1 = 0xFF;             //设置定时初值
  27                  T1Count++;
  28                  if(T1Count>=1000)
  29                  {
  30                          T1Count=0;
  31                          
  32                  }
  33          }
  34          */


MODULE INFORMATION:   STATIC OVERLAYABLE
   CODE SIZE        =     23    ----
   CONSTANT SIZE    =   ----    ----
   XDATA SIZE       =   ----    ----
   PDATA SIZE       =   ----    ----
   DATA SIZE        =   ----    ----
   IDATA SIZE       =   ----    ----
   BIT SIZE         =   ----    ----
END OF MODULE INFORMATION.


C51 COMPILATION COMPLETE.  0 WARNING(S),  0 ERROR(S)
