C51 COMPILER V9.60.7.0   IED                                                               05/07/2023 12:04:34 PAGE 1   


C51 COMPILER V9.60.7.0, COMPILATION OF MODULE IED
OBJECT MODULE PLACED IN .\Objects\IED.obj
COMPILER INVOKED BY: E:\Applications\Keil_5\C51\BIN\C51.EXE IED.C OPTIMIZE(8,SPEED) BROWSE DEBUG OBJECTEXTEND PRINT(.\Li
                    -stings\IED.lst) TABS(2) OBJECT(.\Objects\IED.obj)

line level    source

   1          #include "reg52.h"
   2          
   3          sbit LED8=P2^7;
   4          void Delay1000ms()    //@11.0592MHz
   5          {
   6   1        unsigned char i, j, k;
   7   1      
   8   1        i = 8;
   9   1        j = 1;
  10   1        k = 243;
  11   1        do
  12   1        {
  13   2          do
  14   2          {
  15   3            while (--k);
  16   3          } while (--j);
  17   2        } while (--i);
  18   1      }
  19          
  20          int main(){
  21   1      
  22   1        LED8=0; //LED8 open
  23   1        while(1){
  24   2          LED8=0; //LED8 open
  25   2          Delay1000ms();
  26   2          LED8=1; //LED8 close
  27   2          Delay1000ms();
  28   2        };
  29   1      }


MODULE INFORMATION:   STATIC OVERLAYABLE
   CODE SIZE        =     27    ----
   CONSTANT SIZE    =   ----    ----
   XDATA SIZE       =   ----    ----
   PDATA SIZE       =   ----    ----
   DATA SIZE        =   ----    ----
   IDATA SIZE       =   ----    ----
   BIT SIZE         =   ----    ----
END OF MODULE INFORMATION.


C51 COMPILATION COMPLETE.  0 WARNING(S),  0 ERROR(S)
