C51 COMPILER V9.54   MAIN                                                                  03/31/2019 10:16:42 PAGE 1   


C51 COMPILER V9.54, COMPILATION OF MODULE MAIN
OBJECT MODULE PLACED IN .\Objects\main.obj
COMPILER INVOKED BY: D:\Keil5\C51\BIN\C51.EXE main.c OPTIMIZE(8,SPEED) BROWSE DEBUG OBJECTEXTEND PRINT(.\Listings\main.l
                    -st) OBJECT(.\Objects\main.obj)

line level    source

   1          #include <REGX52.H>
   2          
   3          void Delay(unsigned int xms)
   4          {
   5   1              unsigned char i, j;
   6   1              while(xms)
   7   1              {
   8   2                      i = 2;
   9   2                      j = 239;
  10   2                      do
  11   2                      {
  12   3                              while (--j);
  13   3                      } while (--i);
  14   2                      xms--;
  15   2              }
  16   1      }
  17          
  18          void main()
  19          {
  20   1              while(1)
  21   1              {
  22   2                      if(P3_1==0)
  23   2                      {
  24   3                              Delay(20);
  25   3                              while(P3_1==0);
  26   3                              Delay(20);
  27   3                              
  28   3                              P2_0=~P2_0;
  29   3                      }
  30   2              }
  31   1      }


MODULE INFORMATION:   STATIC OVERLAYABLE
   CODE SIZE        =     44    ----
   CONSTANT SIZE    =   ----    ----
   XDATA SIZE       =   ----    ----
   PDATA SIZE       =   ----    ----
   DATA SIZE        =   ----    ----
   IDATA SIZE       =   ----    ----
   BIT SIZE         =   ----    ----
END OF MODULE INFORMATION.


C51 COMPILATION COMPLETE.  0 WARNING(S),  0 ERROR(S)
