C51 COMPILER V9.60.7.0   MATRIXKEY                                                         06/13/2023 00:24:03 PAGE 1   


C51 COMPILER V9.60.7.0, COMPILATION OF MODULE MATRIXKEY
OBJECT MODULE PLACED IN .\Objects\MatrixKey.obj
COMPILER INVOKED BY: E:\Applications\Keil_5\C51\BIN\C51.EXE MatrixKey.c OPTIMIZE(8,SPEED) BROWSE DEBUG OBJECTEXTEND PRIN
                    -T(.\Listings\MatrixKey.lst) TABS(2) OBJECT(.\Objects\MatrixKey.obj)

line level    source

   1          #include "reg52.h"
   2          #include "Delay.h"
   3          
   4          /**
   5            * @brief  çŸ©é˜µé”®ç›˜è¯»å–æŒ‰é”®é”®ç 
   6            * @param  æ— 
   7            * @retval KeyNumber æŒ‰ä¸‹æŒ‰é”®çš„é”®ç å€¼
   8                å¦‚æœæŒ‰é”®æŒ‰ä¸‹ä¸æ”¾ï¼Œç¨‹åºä¼šåœç•™åœ¨æ­¤å‡½æ•°ï¼Œæ¾æ‰‹çš„ä¸€ç¬é—´ï¼Œè¿”å›æŒ‰é”®é”®ç ï¼Œæ²¡æ
             -œ‰æŒ‰é”®æŒ‰ä¸‹æ—¶ï¼Œè¿”å›0
   9            */
  10          unsigned char MatrixKey()
  11          {
  12   1        unsigned char KeyNumber=0;
  13   1        
  14   1        P1=0xFF;
  15   1        P1_3=0;
*** ERROR C202 IN LINE 15 OF MatrixKey.c: 'P1_3': undefined identifier
  16   1        if(P1_7==0){Delay(20);while(P1_7==0);Delay(20);KeyNumber=1;}
*** ERROR C202 IN LINE 16 OF MatrixKey.c: 'P1_7': undefined identifier
*** ERROR C202 IN LINE 16 OF MatrixKey.c: 'P1_7': undefined identifier
  17   1        if(P1_6==0){Delay(20);while(P1_6==0);Delay(20);KeyNumber=5;}
*** ERROR C202 IN LINE 17 OF MatrixKey.c: 'P1_6': undefined identifier
*** ERROR C202 IN LINE 17 OF MatrixKey.c: 'P1_6': undefined identifier
  18   1        if(P1_5==0){Delay(20);while(P1_5==0);Delay(20);KeyNumber=9;}
*** ERROR C202 IN LINE 18 OF MatrixKey.c: 'P1_5': undefined identifier
*** ERROR C202 IN LINE 18 OF MatrixKey.c: 'P1_5': undefined identifier
  19   1        if(P1_4==0){Delay(20);while(P1_4==0);Delay(20);KeyNumber=13;}
*** ERROR C202 IN LINE 19 OF MatrixKey.c: 'P1_4': undefined identifier
*** ERROR C202 IN LINE 19 OF MatrixKey.c: 'P1_4': undefined identifier
  20   1        
  21   1        P1=0xFF;
  22   1        P1_2=0;
*** ERROR C202 IN LINE 22 OF MatrixKey.c: 'P1_2': undefined identifier
  23   1        if(P1_7==0){Delay(20);while(P1_7==0);Delay(20);KeyNumber=2;}
*** ERROR C202 IN LINE 23 OF MatrixKey.c: 'P1_7': undefined identifier
*** ERROR C202 IN LINE 23 OF MatrixKey.c: 'P1_7': undefined identifier
  24   1        if(P1_6==0){Delay(20);while(P1_6==0);Delay(20);KeyNumber=6;}
*** ERROR C202 IN LINE 24 OF MatrixKey.c: 'P1_6': undefined identifier
*** ERROR C202 IN LINE 24 OF MatrixKey.c: 'P1_6': undefined identifier
  25   1        if(P1_5==0){Delay(20);while(P1_5==0);Delay(20);KeyNumber=10;}
*** ERROR C202 IN LINE 25 OF MatrixKey.c: 'P1_5': undefined identifier
*** ERROR C202 IN LINE 25 OF MatrixKey.c: 'P1_5': undefined identifier
  26   1        if(P1_4==0){Delay(20);while(P1_4==0);Delay(20);KeyNumber=14;}
*** ERROR C202 IN LINE 26 OF MatrixKey.c: 'P1_4': undefined identifier
*** ERROR C202 IN LINE 26 OF MatrixKey.c: 'P1_4': undefined identifier
  27   1        
  28   1        P1=0xFF;
  29   1        P1_1=0;
*** ERROR C202 IN LINE 29 OF MatrixKey.c: 'P1_1': undefined identifier
  30   1        if(P1_7==0){Delay(20);while(P1_7==0);Delay(20);KeyNumber=3;}
*** ERROR C202 IN LINE 30 OF MatrixKey.c: 'P1_7': undefined identifier
*** ERROR C202 IN LINE 30 OF MatrixKey.c: 'P1_7': undefined identifier
  31   1        if(P1_6==0){Delay(20);while(P1_6==0);Delay(20);KeyNumber=7;}
*** ERROR C202 IN LINE 31 OF MatrixKey.c: 'P1_6': undefined identifier
C51 COMPILER V9.60.7.0   MATRIXKEY                                                         06/13/2023 00:24:03 PAGE 2   

*** ERROR C202 IN LINE 31 OF MatrixKey.c: 'P1_6': undefined identifier
  32   1        if(P1_5==0){Delay(20);while(P1_5==0);Delay(20);KeyNumber=11;}
*** ERROR C202 IN LINE 32 OF MatrixKey.c: 'P1_5': undefined identifier
*** ERROR C202 IN LINE 32 OF MatrixKey.c: 'P1_5': undefined identifier
  33   1        if(P1_4==0){Delay(20);while(P1_4==0);Delay(20);KeyNumber=15;}
*** ERROR C202 IN LINE 33 OF MatrixKey.c: 'P1_4': undefined identifier
*** ERROR C202 IN LINE 33 OF MatrixKey.c: 'P1_4': undefined identifier
  34   1        
  35   1        P1=0xFF;
  36   1        P1_0=0;
*** ERROR C202 IN LINE 36 OF MatrixKey.c: 'P1_0': undefined identifier
  37   1        if(P1_7==0){Delay(20);while(P1_7==0);Delay(20);KeyNumber=4;}
*** ERROR C202 IN LINE 37 OF MatrixKey.c: 'P1_7': undefined identifier
*** ERROR C202 IN LINE 37 OF MatrixKey.c: 'P1_7': undefined identifier
  38   1        if(P1_6==0){Delay(20);while(P1_6==0);Delay(20);KeyNumber=8;}
*** ERROR C202 IN LINE 38 OF MatrixKey.c: 'P1_6': undefined identifier
*** ERROR C202 IN LINE 38 OF MatrixKey.c: 'P1_6': undefined identifier
  39   1        if(P1_5==0){Delay(20);while(P1_5==0);Delay(20);KeyNumber=12;}
*** ERROR C202 IN LINE 39 OF MatrixKey.c: 'P1_5': undefined identifier
*** ERROR C202 IN LINE 39 OF MatrixKey.c: 'P1_5': undefined identifier
  40   1        if(P1_4==0){Delay(20);while(P1_4==0);Delay(20);KeyNumber=16;}
*** ERROR C202 IN LINE 40 OF MatrixKey.c: 'P1_4': undefined identifier
*** ERROR C202 IN LINE 40 OF MatrixKey.c: 'P1_4': undefined identifier
  41   1        
  42   1        return KeyNumber;
  43   1      }

C51 COMPILATION COMPLETE.  0 WARNING(S),  36 ERROR(S)
