C51 COMPILER V9.54   MAIN                                                                  04/07/2020 23:21:55 PAGE 1   


C51 COMPILER V9.54, COMPILATION OF MODULE MAIN
OBJECT MODULE PLACED IN .\Objects\main.obj
COMPILER INVOKED BY: D:\Keil5\C51\BIN\C51.EXE main.c OPTIMIZE(8,SPEED) BROWSE DEBUG OBJECTEXTEND PRINT(.\Listings\main.l
                    -st) OBJECT(.\Objects\main.obj)

line level    source

   1          #include <REGX52.H>
   2          #include "Timer0.h"
   3          #include "Key.h"
   4          #include "Nixie.h"
   5          #include "Delay.h"
   6          #include "AT24C02.h"
   7          
   8          unsigned char KeyNum;
   9          unsigned char Min,Sec,MiniSec;
  10          unsigned char RunFlag;
  11          
  12          void main()
  13          {
  14   1              Timer0_Init();
  15   1              while(1)
  16   1              {
  17   2                      KeyNum=Key();
  18   2                      if(KeyNum==1)
  19   2                      {
  20   3                              RunFlag=!RunFlag;
  21   3                      }
  22   2                      if(KeyNum==2)
  23   2                      {
  24   3                              Min=0;
  25   3                              Sec=0;
  26   3                              MiniSec=0;
  27   3                      }
  28   2                      if(KeyNum==3)
  29   2                      {
  30   3                              AT24C02_WriteByte(0,Min);
  31   3                              Delay(5);
  32   3                              AT24C02_WriteByte(1,Sec);
  33   3                              Delay(5);
  34   3                              AT24C02_WriteByte(2,MiniSec);
  35   3                              Delay(5);
  36   3                      }
  37   2                      if(KeyNum==4)
  38   2                      {
  39   3                              Min=AT24C02_ReadByte(0);
  40   3                              Sec=AT24C02_ReadByte(1);
  41   3                              MiniSec=AT24C02_ReadByte(2);
  42   3                      }
  43   2                      Nixie_SetBuf(1,Min/10);
  44   2                      Nixie_SetBuf(2,Min%10);
  45   2                      Nixie_SetBuf(3,11);
  46   2                      Nixie_SetBuf(4,Sec/10);
  47   2                      Nixie_SetBuf(5,Sec%10);
  48   2                      Nixie_SetBuf(6,11);
  49   2                      Nixie_SetBuf(7,MiniSec/10);
  50   2                      Nixie_SetBuf(8,MiniSec%10);
  51   2              }
  52   1      }
  53          
  54          void Sec_Loop(void)
C51 COMPILER V9.54   MAIN                                                                  04/07/2020 23:21:55 PAGE 2   

  55          {
  56   1              if(RunFlag)
  57   1              {
  58   2                      MiniSec++;
  59   2                      if(MiniSec>=100)
  60   2                      {
  61   3                              MiniSec=0;
  62   3                              Sec++;
  63   3                              if(Sec>=60)
  64   3                              {
  65   4                                      Sec=0;
  66   4                                      Min++;
  67   4                                      if(Min>=60)
  68   4                                      {
  69   5                                              Min=0;
  70   5                                      }
  71   4                              }
  72   3                      }
  73   2              }
  74   1      }
  75          
  76          void Timer0_Routine() interrupt 1
  77          {
  78   1              static unsigned int T0Count1,T0Count2,T0Count3;
  79   1              TL0 = 0x18;             //设置定时初值
  80   1              TH0 = 0xFC;             //设置定时初值
  81   1              T0Count1++;
  82   1              if(T0Count1>=20)
  83   1              {
  84   2                      T0Count1=0;
  85   2                      Key_Loop();
  86   2              }
  87   1              T0Count2++;
  88   1              if(T0Count2>=2)
  89   1              {
  90   2                      T0Count2=0;
  91   2                      Nixie_Loop();
  92   2              }
  93   1              T0Count3++;
  94   1              if(T0Count3>=10)
  95   1              {
  96   2                      T0Count3=0;
  97   2                      Sec_Loop();
  98   2              }
  99   1      }


MODULE INFORMATION:   STATIC OVERLAYABLE
   CODE SIZE        =    410    ----
   CONSTANT SIZE    =   ----    ----
   XDATA SIZE       =   ----    ----
   PDATA SIZE       =   ----    ----
   DATA SIZE        =     11    ----
   IDATA SIZE       =   ----    ----
   BIT SIZE         =   ----    ----
END OF MODULE INFORMATION.


C51 COMPILATION COMPLETE.  0 WARNING(S),  0 ERROR(S)
